UG to IGES
! INFO-     NX V1926 / IGES Specification 5.3
! INFO-      
! INFO-     Start of Translation: 27-OCT-2021  10:43:04 PM
! INFO-      
! STATUS-   Converting Part: C:\Projects\liquid-rocket\Active CAD\Manifold_Negative.prt
! SUMMARY-   
! SUMMARY-  Summary of Unigraphics Input Entities
! SUMMARY-  For Part: C:\Projects\liquid-rocket\Active CAD\Manifold_Negative.prt 
! SUMMARY-  Entities Processed             Count
! SUMMARY-  ------------------             -----
! SUMMARY-  Point .......................:     2
! SUMMARY-  Line ........................:    18
! SUMMARY-  Arc/Circle ..................:    41
! SUMMARY-  B-Curve .....................:    48
! SUMMARY-  Part Attribute ..............:     1
! SUMMARY-  Layer Category ..............:     6
! SUMMARY-  Font ........................:     1
! SUMMARY-  Color Table .................:     2
! SUMMARY-  Coordinate System ...........:     2
! SUMMARY-  Parameter ...................:     2
! SUMMARY-  Matrix ......................:    12
! SUMMARY-  View ........................:     8
! SUMMARY-  Layout ......................:     5
! SUMMARY-  Solid .......................:
! SUMMARY-     Face .....................:    13
! SUMMARY-  Trim Curve ..................:    15
! SUMMARY-                                 -----
! SUMMARY-  Total                            176
! STATUS-    
! STATUS-   Converting to Output Form (Phase 2 of 3): 27-OCT-2021 10:43:06 PM
! STATUS-    
! STATUS-   Creating the IGES file (Phase 3 of 3): 27-OCT-2021  10:43:06 PM
! SUMMARY-   
! SUMMARY-  Summary of IGES Output Entities
! SUMMARY-   
! SUMMARY-  Entities Processed             Count
! SUMMARY-  ------------------             -----
! SUMMARY-  Point ........................     2
! SUMMARY-  Arc ..........................    41
! SUMMARY-  Line .........................    18
! SUMMARY-  BSpline Curve ................    48
! SUMMARY-  Composite Curve ..............    20
! SUMMARY-  Curve on Surface .............    15
! SUMMARY-  Plane ........................
! SUMMARY-      Unbounded ................    32
! SUMMARY-  Trimmed Surface ..............    13
! SUMMARY-  BSpline Surface ..............    13
! SUMMARY-  Color ........................     3
! SUMMARY-  Name .........................    20
! SUMMARY-  Transformation ...............    12
! SUMMARY-  Definition Levels ............     5
! SUMMARY-  Level Function ...............     5
! SUMMARY-  View .........................     8
! SUMMARY-                                 -----
! SUMMARY-  Total                            255
! WARNING-  Convergent/Facet bodies are not processed.
! INFO-      
! INFO-     End of Translation: 27-OCT-2021  10:43:06 PM
! INFO-      
